[20 mar 2026 07:15:06] Building database metadata model
[20 mar 2026 07:15:06] Properties: {partialRefresh=false, processColumnsUsingSelect=, includePrimaryKeys=true, eventSocketClient=com.webratio.commons.net.EventSocketClient@1ed6ecc2, includeTables=true, username=admin, outputLogPath=C:\WebRatio\WebRatio Platform 7.2.18.x64bit\workspace\IW_WebRatio_Pistea_Grupo1\.Temp~\DB.xml.log, readIndexes=null, driverClass=org.postgresql.Driver, includeSynonyms=true, metaDataProviderClass=com.webratio.commons.db.metadata.PostgreSQLMetaDataProvider, outputPath=C:\WebRatio\WebRatio Platform 7.2.18.x64bit\workspace\IW_WebRatio_Pistea_Grupo1\.Temp~\DB.xml, schemaRegex=null, readProcedures=null, includeViews=true, derby.system.home=C:\WebRatio\WebRatio Platform 7.2.18.x64bit\workspace\.metadata\.plugins\com.webratio.commons.db\derby, url=jdbc:postgresql://localhost:5432/Pistea, tableRegex=null, readSQLDefinitions=true, includeForeignKeys=false, retrieveAllNames=false, tablesToRefresh=, eventSocketPort=63343}
[20 mar 2026 07:15:06] URL: jdbc:postgresql://localhost:5432/Pistea
[20 mar 2026 07:15:06] Product name: PostgreSQL
[20 mar 2026 07:15:06] Product version: 9.6.24
[20 mar 2026 07:15:06] Driver name: PostgreSQL Native Driver
[20 mar 2026 07:15:06] Driver version: PostgreSQL 9.1 JDBC3g (build 903)
[20 mar 2026 07:15:06] Driver major version: 9
[20 mar 2026 07:15:06] Driver minor version: 1
[20 mar 2026 07:15:06] Identifier quote string: 1
[20 mar 2026 07:15:06] Retrieving schemas
[20 mar 2026 07:15:06]   Found schema: information_schema
[20 mar 2026 07:15:06]   Found schema: pg_catalog
[20 mar 2026 07:15:06]   Found schema: public
[20 mar 2026 07:15:06] Retrieving sequences
[20 mar 2026 07:15:06] Retrieving [TABLE, VIEW, SYNONYM] for schema 'information_schema'
[20 mar 2026 07:15:06] Retrieving [TABLE, VIEW, SYNONYM] for schema 'pg_catalog'
[20 mar 2026 07:15:06] Retrieving [TABLE, VIEW, SYNONYM] for schema 'public'
[20 mar 2026 07:15:06]   Found 'public.group' [type = TABLE]
[20 mar 2026 07:15:06]   Found 'public.group_module' [type = TABLE]
[20 mar 2026 07:15:06]   Found 'public.guarda_como_fav' [type = TABLE]
[20 mar 2026 07:15:06]   Found 'public.incidencia' [type = TABLE]
[20 mar 2026 07:15:06]   Found 'public.module' [type = TABLE]
[20 mar 2026 07:15:06]   Found 'public.participa' [type = TABLE]
[20 mar 2026 07:15:06]   Found 'public.pista' [type = TABLE]
[20 mar 2026 07:15:06]   Found 'public.reserva' [type = TABLE]
[20 mar 2026 07:15:06]   Found 'public.torneo' [type = TABLE]
[20 mar 2026 07:15:06]   Found 'public.user' [type = TABLE]
[20 mar 2026 07:15:06]   Found 'public.user_group' [type = TABLE]
[20 mar 2026 07:15:06]   Found 'public.valoracion' [type = TABLE]
[20 mar 2026 07:15:06] Retrieving columns for 'public.group' [type = TABLE]
[20 mar 2026 07:15:06]   Found column: oid [type = int4][SQL/XOPEN type = 4][size = 10][dec. digits = 0]
[20 mar 2026 07:15:06]   Found column: groupname [type = varchar][SQL/XOPEN type = 12][size = 255][dec. digits = 0]
[20 mar 2026 07:15:06]   Found column: module_oid [type = int4][SQL/XOPEN type = 4][size = 10][dec. digits = 0]
[20 mar 2026 07:15:06] Retrieving primary keys for 'public.group' [type = TABLE]
[20 mar 2026 07:15:06]   Found primary key column: oid
[20 mar 2026 07:15:06] Retrieving columns for 'public.group_module' [type = TABLE]
[20 mar 2026 07:15:06]   Found column: group_oid [type = int4][SQL/XOPEN type = 4][size = 10][dec. digits = 0]
[20 mar 2026 07:15:06]   Found column: module_oid [type = int4][SQL/XOPEN type = 4][size = 10][dec. digits = 0]
[20 mar 2026 07:15:06] Retrieving primary keys for 'public.group_module' [type = TABLE]
[20 mar 2026 07:15:06]   Found primary key column: group_oid
[20 mar 2026 07:15:06]   Found primary key column: module_oid
[20 mar 2026 07:15:06] Retrieving columns for 'public.guarda_como_fav' [type = TABLE]
[20 mar 2026 07:15:06]   Found column: pista_oid [type = int4][SQL/XOPEN type = 4][size = 10][dec. digits = 0]
[20 mar 2026 07:15:06]   Found column: user_oid [type = int4][SQL/XOPEN type = 4][size = 10][dec. digits = 0]
[20 mar 2026 07:15:06] Retrieving primary keys for 'public.guarda_como_fav' [type = TABLE]
[20 mar 2026 07:15:06]   Found primary key column: pista_oid
[20 mar 2026 07:15:06]   Found primary key column: user_oid
[20 mar 2026 07:15:06] Retrieving columns for 'public.incidencia' [type = TABLE]
[20 mar 2026 07:15:06]   Found column: oid [type = int4][SQL/XOPEN type = 4][size = 10][dec. digits = 0]
[20 mar 2026 07:15:06]   Found column: descripcion [type = varchar][SQL/XOPEN type = 12][size = 255][dec. digits = 0]
[20 mar 2026 07:15:06]   Found column: titulo [type = varchar][SQL/XOPEN type = 12][size = 255][dec. digits = 0]
[20 mar 2026 07:15:06]   Found column: nivel_gravedad [type = int4][SQL/XOPEN type = 4][size = 10][dec. digits = 0]
[20 mar 2026 07:15:06]   Found column: estado_incidencia [type = int4][SQL/XOPEN type = 4][size = 10][dec. digits = 0]
[20 mar 2026 07:15:06]   Found column: user_oid [type = int4][SQL/XOPEN type = 4][size = 10][dec. digits = 0]
[20 mar 2026 07:15:06]   Found column: user_oid_2 [type = int4][SQL/XOPEN type = 4][size = 10][dec. digits = 0]
[20 mar 2026 07:15:06] Retrieving primary keys for 'public.incidencia' [type = TABLE]
[20 mar 2026 07:15:06]   Found primary key column: oid
[20 mar 2026 07:15:06] Retrieving columns for 'public.module' [type = TABLE]
[20 mar 2026 07:15:06]   Found column: oid [type = int4][SQL/XOPEN type = 4][size = 10][dec. digits = 0]
[20 mar 2026 07:15:06]   Found column: moduleid [type = varchar][SQL/XOPEN type = 12][size = 255][dec. digits = 0]
[20 mar 2026 07:15:06]   Found column: modulename [type = varchar][SQL/XOPEN type = 12][size = 255][dec. digits = 0]
[20 mar 2026 07:15:06] Retrieving primary keys for 'public.module' [type = TABLE]
[20 mar 2026 07:15:06]   Found primary key column: oid
[20 mar 2026 07:15:06] Retrieving columns for 'public.participa' [type = TABLE]
[20 mar 2026 07:15:06]   Found column: user_oid [type = int4][SQL/XOPEN type = 4][size = 10][dec. digits = 0]
[20 mar 2026 07:15:06]   Found column: torneo_oid [type = int4][SQL/XOPEN type = 4][size = 10][dec. digits = 0]
[20 mar 2026 07:15:06] Retrieving primary keys for 'public.participa' [type = TABLE]
[20 mar 2026 07:15:06]   Found primary key column: user_oid
[20 mar 2026 07:15:06]   Found primary key column: torneo_oid
[20 mar 2026 07:15:06] Retrieving columns for 'public.pista' [type = TABLE]
[20 mar 2026 07:15:06]   Found column: oid [type = int4][SQL/XOPEN type = 4][size = 10][dec. digits = 0]
[20 mar 2026 07:15:06]   Found column: nombre_pista [type = varchar][SQL/XOPEN type = 12][size = 255][dec. digits = 0]
[20 mar 2026 07:15:06]   Found column: deporte_asociado [type = varchar][SQL/XOPEN type = 12][size = 255][dec. digits = 0]
[20 mar 2026 07:15:06]   Found column: hora_apertura [type = timestamp][SQL/XOPEN type = 93][size = 29][dec. digits = 6]
[20 mar 2026 07:15:06]   Found column: hora_cierre [type = timestamp][SQL/XOPEN type = 93][size = 29][dec. digits = 6]
[20 mar 2026 07:15:06]   Found column: capacidad [type = int4][SQL/XOPEN type = 4][size = 10][dec. digits = 0]
[20 mar 2026 07:15:06]   Found column: es_disponible [type = bool][SQL/XOPEN type = -7][size = 1][dec. digits = 0]
[20 mar 2026 07:15:06]   Found column: ubicacion [type = varchar][SQL/XOPEN type = 12][size = 255][dec. digits = 0]
[20 mar 2026 07:15:06]   Found column: foto_pista [type = varchar][SQL/XOPEN type = 12][size = 255][dec. digits = 0]
[20 mar 2026 07:15:06]   Found column: user_oid [type = int4][SQL/XOPEN type = 4][size = 10][dec. digits = 0]
[20 mar 2026 07:15:06] Retrieving primary keys for 'public.pista' [type = TABLE]
[20 mar 2026 07:15:06]   Found primary key column: oid
[20 mar 2026 07:15:06] Retrieving columns for 'public.reserva' [type = TABLE]
[20 mar 2026 07:15:06]   Found column: oid [type = int4][SQL/XOPEN type = 4][size = 10][dec. digits = 0]
[20 mar 2026 07:15:06]   Found column: hora_inicio [type = timestamp][SQL/XOPEN type = 93][size = 29][dec. digits = 6]
[20 mar 2026 07:15:06]   Found column: estado_reserva [type = int4][SQL/XOPEN type = 4][size = 10][dec. digits = 0]
[20 mar 2026 07:15:06]   Found column: precio [type = float8][SQL/XOPEN type = 8][size = 17][dec. digits = 17]
[20 mar 2026 07:15:06]   Found column: pista_oid [type = int4][SQL/XOPEN type = 4][size = 10][dec. digits = 0]
[20 mar 2026 07:15:06]   Found column: incidencia_oid [type = int4][SQL/XOPEN type = 4][size = 10][dec. digits = 0]
[20 mar 2026 07:15:06]   Found column: user_oid [type = int4][SQL/XOPEN type = 4][size = 10][dec. digits = 0]
[20 mar 2026 07:15:06] Retrieving primary keys for 'public.reserva' [type = TABLE]
[20 mar 2026 07:15:06]   Found primary key column: oid
[20 mar 2026 07:15:06] Retrieving columns for 'public.torneo' [type = TABLE]
[20 mar 2026 07:15:06]   Found column: oid [type = int4][SQL/XOPEN type = 4][size = 10][dec. digits = 0]
[20 mar 2026 07:15:06]   Found column: numero_plazas [type = int4][SQL/XOPEN type = 4][size = 10][dec. digits = 0]
[20 mar 2026 07:15:06]   Found column: fecha_inicio [type = timestamp][SQL/XOPEN type = 93][size = 29][dec. digits = 6]
[20 mar 2026 07:15:06]   Found column: nombre_torneo [type = varchar][SQL/XOPEN type = 12][size = 255][dec. digits = 0]
[20 mar 2026 07:15:06]   Found column: descripcion_torneo [type = varchar][SQL/XOPEN type = 12][size = 255][dec. digits = 0]
[20 mar 2026 07:15:06]   Found column: fecha_fin [type = timestamp][SQL/XOPEN type = 93][size = 29][dec. digits = 6]
[20 mar 2026 07:15:06]   Found column: premio [type = float8][SQL/XOPEN type = 8][size = 17][dec. digits = 17]
[20 mar 2026 07:15:06]   Found column: precio_inscripcion [type = float8][SQL/XOPEN type = 8][size = 17][dec. digits = 17]
[20 mar 2026 07:15:06]   Found column: user_oid [type = int4][SQL/XOPEN type = 4][size = 10][dec. digits = 0]
[20 mar 2026 07:15:06]   Found column: pista_oid [type = int4][SQL/XOPEN type = 4][size = 10][dec. digits = 0]
[20 mar 2026 07:15:06] Retrieving primary keys for 'public.torneo' [type = TABLE]
[20 mar 2026 07:15:06]   Found primary key column: oid
[20 mar 2026 07:15:06] Retrieving columns for 'public.user' [type = TABLE]
[20 mar 2026 07:15:06]   Found column: oid [type = int4][SQL/XOPEN type = 4][size = 10][dec. digits = 0]
[20 mar 2026 07:15:06]   Found column: username [type = varchar][SQL/XOPEN type = 12][size = 255][dec. digits = 0]
[20 mar 2026 07:15:06]   Found column: password [type = varchar][SQL/XOPEN type = 12][size = 255][dec. digits = 0]
[20 mar 2026 07:15:06]   Found column: email [type = varchar][SQL/XOPEN type = 12][size = 255][dec. digits = 0]
[20 mar 2026 07:15:06]   Found column: descripcion_usuario [type = varchar][SQL/XOPEN type = 12][size = 255][dec. digits = 0]
[20 mar 2026 07:15:06]   Found column: edad [type = int4][SQL/XOPEN type = 4][size = 10][dec. digits = 0]
[20 mar 2026 07:15:06]   Found column: es_hombre [type = bool][SQL/XOPEN type = -7][size = 1][dec. digits = 0]
[20 mar 2026 07:15:06]   Found column: fecha_alta [type = timestamp][SQL/XOPEN type = 93][size = 29][dec. digits = 6]
[20 mar 2026 07:15:06]   Found column: foto_perfil [type = varchar][SQL/XOPEN type = 12][size = 255][dec. digits = 0]
[20 mar 2026 07:15:06]   Found column: telefono [type = varchar][SQL/XOPEN type = 12][size = 255][dec. digits = 0]
[20 mar 2026 07:15:06]   Found column: es_activo [type = bool][SQL/XOPEN type = -7][size = 1][dec. digits = 0]
[20 mar 2026 07:15:06]   Found column: group_oid [type = int4][SQL/XOPEN type = 4][size = 10][dec. digits = 0]
[20 mar 2026 07:15:06]   Found column: user_oid [type = int4][SQL/XOPEN type = 4][size = 10][dec. digits = 0]
[20 mar 2026 07:15:06] Retrieving primary keys for 'public.user' [type = TABLE]
[20 mar 2026 07:15:06]   Found primary key column: oid
[20 mar 2026 07:15:06] Retrieving columns for 'public.user_group' [type = TABLE]
[20 mar 2026 07:15:06]   Found column: user_oid [type = int4][SQL/XOPEN type = 4][size = 10][dec. digits = 0]
[20 mar 2026 07:15:06]   Found column: group_oid [type = int4][SQL/XOPEN type = 4][size = 10][dec. digits = 0]
[20 mar 2026 07:15:06] Retrieving primary keys for 'public.user_group' [type = TABLE]
[20 mar 2026 07:15:06]   Found primary key column: user_oid
[20 mar 2026 07:15:06]   Found primary key column: group_oid
[20 mar 2026 07:15:06] Retrieving columns for 'public.valoracion' [type = TABLE]
[20 mar 2026 07:15:06]   Found column: oid [type = int4][SQL/XOPEN type = 4][size = 10][dec. digits = 0]
[20 mar 2026 07:15:06]   Found column: descripcion_valoracion [type = varchar][SQL/XOPEN type = 12][size = 255][dec. digits = 0]
[20 mar 2026 07:15:06]   Found column: puntuacion [type = int4][SQL/XOPEN type = 4][size = 10][dec. digits = 0]
[20 mar 2026 07:15:06]   Found column: fecha_valoracion [type = timestamp][SQL/XOPEN type = 93][size = 29][dec. digits = 6]
[20 mar 2026 07:15:06]   Found column: pista_oid [type = int4][SQL/XOPEN type = 4][size = 10][dec. digits = 0]
[20 mar 2026 07:15:06]   Found column: user_oid_2 [type = int4][SQL/XOPEN type = 4][size = 10][dec. digits = 0]
[20 mar 2026 07:15:06] Retrieving primary keys for 'public.valoracion' [type = TABLE]
[20 mar 2026 07:15:06]   Found primary key column: oid
[20 mar 2026 07:15:06] Database metadata retrieved (118 ms)
[20 mar 2026 07:15:06] Database connection closed
